<?xml version="1.0" encoding="UTF-8"?>
<!-- Generated by org.testng.reporters.JUnitXMLReporter -->
<testsuite ignored="1" hostname="DESKTOP-T7M76G4" failures="0" tests="9" name="Default test" time="34.142" errors="0" timestamp="2026-01-22T14:56:08 EET">
  <testcase classname="Standard_User_Cases.StandardUserTestCases" name="LogIn" time="0.274"/>
  <testcase classname="Standard_User_Cases.StandardUserTestCases" name="FilteringItems" time="0.103"/>
  <testcase classname="Standard_User_Cases.StandardUserTestCases" name="ViewItemDescription" time="9.163"/>
  <testcase classname="Standard_User_Cases.StandardUserTestCases" name="AddingRandomItemsToCart" time="5.129"/>
  <testcase classname="Standard_User_Cases.StandardUserTestCases" name="AddingRandomItemsToCart" time="5.145"/>
  <testcase classname="Standard_User_Cases.StandardUserTestCases" name="AddingRandomItemsToCart" time="5.12"/>
  <testcase classname="Standard_User_Cases.StandardUserTestCases" name="RemoveAddedItems" time="3.126"/>
  <testcase classname="Standard_User_Cases.StandardUserTestCases" name="HappyCheckOutProcess" time="0.755"/>
  <testcase classname="Standard_User_Cases.StandardUserTestCases" name="LogOut" time="0.593"/>
  <testcase classname="Standard_User_Cases.StandardUserTestCases" name="SadCheckOutProcess" time="0.0">
    <ignored/>
  </testcase> <!-- SadCheckOutProcess -->
</testsuite> <!-- Default test -->
