<?xml version="1.0" encoding="UTF-8"?>
<!-- Generated by org.testng.reporters.JUnitXMLReporter -->
<testsuite ignored="1" hostname="DESKTOP-T7M76G4" failures="3" tests="13" name="Test" time="51.756" errors="0" timestamp="2026-01-22T15:47:19 EET">
  <testcase classname="Standard_User_Cases.StandardUserTestCases" name="LogIn" time="0.196"/>
  <testcase classname="Standard_User_Cases.StandardUserTestCases" name="FilteringItems" time="0.154"/>
  <testcase classname="Standard_User_Cases.StandardUserTestCases" name="ViewItemDescription" time="9.177"/>
  <testcase classname="Standard_User_Cases.StandardUserTestCases" name="AddingRandomItemsToCart" time="5.129"/>
  <testcase classname="Standard_User_Cases.StandardUserTestCases" name="AddingRandomItemsToCart" time="5.165"/>
  <testcase classname="Standard_User_Cases.StandardUserTestCases" name="AddingRandomItemsToCart" time="5.167"/>
  <testcase classname="Standard_User_Cases.StandardUserTestCases" name="RemoveAddedItems" time="3.132"/>
  <testcase classname="Standard_User_Cases.StandardUserTestCases" name="HappyCheckOutProcess" time="0.659"/>
  <testcase classname="Standard_User_Cases.StandardUserTestCases" name="LogOut" time="0.588"/>
  <testcase classname="Problem_User_Cases.ProblemUserTestCases" name="LogIn" time="0.422"/>
  <testcase classname="Problem_User_Cases.ProblemUserTestCases" name="AddingRandomItemsToCart" time="3.186">
    <failure type="java.lang.AssertionError" message="Sauce Labs Backpack Item was not added to cart expected [Remove] but found [Add to cart]">
      <![CDATA[java.lang.AssertionError: Sauce Labs Backpack Item was not added to cart expected [Remove] but found [Add to cart]
at Problem_User_Cases.ProblemUserTestCases.AddingRandomItemsToCart(ProblemUserTestCases.java:71)
at java.base/java.util.ArrayList.forEach(ArrayList.java:1596)
... Removed 30 stack frames]]>
    </failure>
  </testcase> <!-- AddingRandomItemsToCart -->
  <testcase classname="Problem_User_Cases.ProblemUserTestCases" name="AddingRandomItemsToCart" time="3.231">
    <failure type="java.lang.AssertionError" message="Sauce Labs Fleece Jacket Item was not added to cart expected [Remove] but found [Add to cart]">
      <![CDATA[java.lang.AssertionError: Sauce Labs Fleece Jacket Item was not added to cart expected [Remove] but found [Add to cart]
at Problem_User_Cases.ProblemUserTestCases.AddingRandomItemsToCart(ProblemUserTestCases.java:71)
at java.base/java.util.ArrayList.forEach(ArrayList.java:1596)
... Removed 30 stack frames]]>
    </failure>
  </testcase> <!-- AddingRandomItemsToCart -->
  <testcase classname="Problem_User_Cases.ProblemUserTestCases" name="RemoveAddedItems" time="6.063">
    <failure type="java.lang.AssertionError" message="expected [false] but found [ No Remove Buttons were found]">
      <![CDATA[java.lang.AssertionError: expected [false] but found [ No Remove Buttons were found]
at Problem_User_Cases.ProblemUserTestCases.RemoveAddedItems(ProblemUserTestCases.java:91)
at java.base/java.util.ArrayList.forEach(ArrayList.java:1596)
... Removed 30 stack frames]]>
    </failure>
  </testcase> <!-- RemoveAddedItems -->
  <testcase classname="Standard_User_Cases.StandardUserTestCases" name="SadCheckOutProcess" time="0.0">
    <ignored/>
  </testcase> <!-- SadCheckOutProcess -->
</testsuite> <!-- Test -->
