<?xml version="1.0" encoding="UTF-8"?>
<testng-results ignored="1" total="14" passed="10" failed="3" skipped="0">
  <reporter-output>
  </reporter-output>
  <suite started-at="2026-01-22T15:46:28 EET" name="Suite" finished-at="2026-01-22T15:47:19 EET" duration-ms="51756">
    <groups>
    </groups>
    <test started-at="2026-01-22T15:46:28 EET" name="Test" finished-at="2026-01-22T15:47:19 EET" duration-ms="51756">
      <class name="Standard_User_Cases.StandardUserTestCases">
        <test-method is-config="true" signature="SetUp()[pri:0, instance:Standard_User_Cases.StandardUserTestCases@5b068087]" started-at="2026-01-22T15:46:29 EET" name="SetUp" finished-at="2026-01-22T15:46:31 EET" duration-ms="1502" status="PASS">
          <reporter-output>
          </reporter-output>
        </test-method> <!-- SetUp -->
        <test-method signature="LogIn()[pri:1, instance:Standard_User_Cases.StandardUserTestCases@5b068087]" started-at="2026-01-22T15:46:31 EET" name="LogIn" finished-at="2026-01-22T15:46:31 EET" duration-ms="196" status="PASS">
          <reporter-output>
          </reporter-output>
        </test-method> <!-- LogIn -->
        <test-method signature="FilteringItems()[pri:2, instance:Standard_User_Cases.StandardUserTestCases@5b068087]" started-at="2026-01-22T15:46:31 EET" name="FilteringItems" finished-at="2026-01-22T15:46:31 EET" duration-ms="154" status="PASS">
          <reporter-output>
          </reporter-output>
        </test-method> <!-- FilteringItems -->
        <test-method signature="ViewItemDescription()[pri:3, instance:Standard_User_Cases.StandardUserTestCases@5b068087]" started-at="2026-01-22T15:46:31 EET" name="ViewItemDescription" finished-at="2026-01-22T15:46:40 EET" duration-ms="9177" status="PASS">
          <reporter-output>
          </reporter-output>
        </test-method> <!-- ViewItemDescription -->
        <test-method signature="AddingRandomItemsToCart()[pri:4, instance:Standard_User_Cases.StandardUserTestCases@5b068087]" started-at="2026-01-22T15:46:40 EET" name="AddingRandomItemsToCart" finished-at="2026-01-22T15:46:46 EET" duration-ms="5129" status="PASS">
          <reporter-output>
          </reporter-output>
        </test-method> <!-- AddingRandomItemsToCart -->
        <test-method signature="AddingRandomItemsToCart()[pri:4, instance:Standard_User_Cases.StandardUserTestCases@5b068087]" started-at="2026-01-22T15:46:46 EET" name="AddingRandomItemsToCart" finished-at="2026-01-22T15:46:51 EET" duration-ms="5165" status="PASS">
          <reporter-output>
          </reporter-output>
        </test-method> <!-- AddingRandomItemsToCart -->
        <test-method signature="AddingRandomItemsToCart()[pri:4, instance:Standard_User_Cases.StandardUserTestCases@5b068087]" started-at="2026-01-22T15:46:51 EET" name="AddingRandomItemsToCart" finished-at="2026-01-22T15:46:56 EET" duration-ms="5167" status="PASS">
          <reporter-output>
          </reporter-output>
        </test-method> <!-- AddingRandomItemsToCart -->
        <test-method signature="RemoveAddedItems()[pri:5, instance:Standard_User_Cases.StandardUserTestCases@5b068087]" started-at="2026-01-22T15:46:56 EET" name="RemoveAddedItems" finished-at="2026-01-22T15:46:59 EET" duration-ms="3132" status="PASS">
          <reporter-output>
          </reporter-output>
        </test-method> <!-- RemoveAddedItems -->
        <test-method signature="HappyCheckOutProcess()[pri:6, instance:Standard_User_Cases.StandardUserTestCases@5b068087]" started-at="2026-01-22T15:46:59 EET" name="HappyCheckOutProcess" finished-at="2026-01-22T15:47:00 EET" duration-ms="659" status="PASS">
          <reporter-output>
          </reporter-output>
        </test-method> <!-- HappyCheckOutProcess -->
        <test-method signature="LogOut()[pri:8, instance:Standard_User_Cases.StandardUserTestCases@5b068087]" started-at="2026-01-22T15:47:00 EET" name="LogOut" finished-at="2026-01-22T15:47:00 EET" duration-ms="588" status="PASS">
          <reporter-output>
          </reporter-output>
        </test-method> <!-- LogOut -->
        <test-method is-config="true" signature="AfterTest()[pri:0, instance:Standard_User_Cases.StandardUserTestCases@5b068087]" started-at="2026-01-22T15:47:16 EET" name="AfterTest" finished-at="2026-01-22T15:47:19 EET" duration-ms="3141" status="PASS">
          <reporter-output>
          </reporter-output>
        </test-method> <!-- AfterTest -->
      </class> <!-- Standard_User_Cases.StandardUserTestCases -->
      <class name="Problem_User_Cases.ProblemUserTestCases">
        <test-method is-config="true" signature="SetUp()[pri:0, instance:Problem_User_Cases.ProblemUserTestCases@56c698e3]" started-at="2026-01-22T15:46:28 EET" name="SetUp" finished-at="2026-01-22T15:46:29 EET" duration-ms="1610" status="PASS">
          <reporter-output>
          </reporter-output>
        </test-method> <!-- SetUp -->
        <test-method signature="LogIn()[pri:1, instance:Problem_User_Cases.ProblemUserTestCases@56c698e3]" started-at="2026-01-22T15:47:00 EET" name="LogIn" finished-at="2026-01-22T15:47:01 EET" duration-ms="422" status="PASS">
          <reporter-output>
          </reporter-output>
        </test-method> <!-- LogIn -->
        <test-method signature="AddingRandomItemsToCart()[pri:2, instance:Problem_User_Cases.ProblemUserTestCases@56c698e3]" started-at="2026-01-22T15:47:01 EET" name="AddingRandomItemsToCart" finished-at="2026-01-22T15:47:04 EET" duration-ms="3186" status="FAIL">
          <exception class="java.lang.AssertionError">
            <message>
              <![CDATA[Sauce Labs Backpack Item was not added to cart expected [Remove] but found [Add to cart]]]>
            </message>
            <full-stacktrace>
              <![CDATA[java.lang.AssertionError: Sauce Labs Backpack Item was not added to cart expected [Remove] but found [Add to cart]
at org.testng.Assert.fail(Assert.java:111)
at org.testng.Assert.failNotEquals(Assert.java:1590)
at org.testng.Assert.assertEqualsImpl(Assert.java:150)
at org.testng.Assert.assertEquals(Assert.java:132)
at org.testng.Assert.assertEquals(Assert.java:656)
at Problem_User_Cases.ProblemUserTestCases.AddingRandomItemsToCart(ProblemUserTestCases.java:71)
at java.base/jdk.internal.reflect.DirectMethodHandleAccessor.invoke(DirectMethodHandleAccessor.java:103)
at java.base/java.lang.reflect.Method.invoke(Method.java:580)
at org.testng.internal.invokers.MethodInvocationHelper.invokeMethod(MethodInvocationHelper.java:141)
at org.testng.internal.invokers.TestInvoker.invokeMethod(TestInvoker.java:687)
at org.testng.internal.invokers.TestInvoker.invokeTestMethod(TestInvoker.java:230)
at org.testng.internal.invokers.MethodRunner.runInSequence(MethodRunner.java:63)
at org.testng.internal.invokers.TestInvoker$MethodInvocationAgent.invoke(TestInvoker.java:995)
at org.testng.internal.invokers.TestInvoker.invokeTestMethods(TestInvoker.java:203)
at org.testng.internal.invokers.TestMethodWorker.invokeTestMethods(TestMethodWorker.java:154)
at org.testng.internal.invokers.TestMethodWorker.run(TestMethodWorker.java:134)
at java.base/java.util.ArrayList.forEach(ArrayList.java:1596)
at org.testng.TestRunner.privateRun(TestRunner.java:741)
at org.testng.TestRunner.run(TestRunner.java:616)
at org.testng.SuiteRunner.runTest(SuiteRunner.java:421)
at org.testng.SuiteRunner.runSequentially(SuiteRunner.java:413)
at org.testng.SuiteRunner.privateRun(SuiteRunner.java:373)
at org.testng.SuiteRunner.run(SuiteRunner.java:312)
at org.testng.SuiteRunnerWorker.runSuite(SuiteRunnerWorker.java:52)
at org.testng.SuiteRunnerWorker.run(SuiteRunnerWorker.java:95)
at org.testng.TestNG.runSuitesSequentially(TestNG.java:1274)
at org.testng.TestNG.runSuitesLocally(TestNG.java:1208)
at org.testng.TestNG.runSuites(TestNG.java:1112)
at org.testng.TestNG.run(TestNG.java:1079)
at org.testng.remote.AbstractRemoteTestNG.run(AbstractRemoteTestNG.java:115)
at org.testng.remote.RemoteTestNG.initAndRun(RemoteTestNG.java:293)
at org.testng.remote.RemoteTestNG.main(RemoteTestNG.java:91)
]]>
            </full-stacktrace>
          </exception> <!-- java.lang.AssertionError -->
          <reporter-output>
          </reporter-output>
        </test-method> <!-- AddingRandomItemsToCart -->
        <test-method signature="AddingRandomItemsToCart()[pri:2, instance:Problem_User_Cases.ProblemUserTestCases@56c698e3]" started-at="2026-01-22T15:47:04 EET" name="AddingRandomItemsToCart" finished-at="2026-01-22T15:47:07 EET" duration-ms="3231" status="FAIL">
          <exception class="java.lang.AssertionError">
            <message>
              <![CDATA[Sauce Labs Fleece Jacket Item was not added to cart expected [Remove] but found [Add to cart]]]>
            </message>
            <full-stacktrace>
              <![CDATA[java.lang.AssertionError: Sauce Labs Fleece Jacket Item was not added to cart expected [Remove] but found [Add to cart]
at org.testng.Assert.fail(Assert.java:111)
at org.testng.Assert.failNotEquals(Assert.java:1590)
at org.testng.Assert.assertEqualsImpl(Assert.java:150)
at org.testng.Assert.assertEquals(Assert.java:132)
at org.testng.Assert.assertEquals(Assert.java:656)
at Problem_User_Cases.ProblemUserTestCases.AddingRandomItemsToCart(ProblemUserTestCases.java:71)
at java.base/jdk.internal.reflect.DirectMethodHandleAccessor.invoke(DirectMethodHandleAccessor.java:103)
at java.base/java.lang.reflect.Method.invoke(Method.java:580)
at org.testng.internal.invokers.MethodInvocationHelper.invokeMethod(MethodInvocationHelper.java:141)
at org.testng.internal.invokers.TestInvoker.invokeMethod(TestInvoker.java:687)
at org.testng.internal.invokers.TestInvoker.invokeTestMethod(TestInvoker.java:230)
at org.testng.internal.invokers.MethodRunner.runInSequence(MethodRunner.java:63)
at org.testng.internal.invokers.TestInvoker$MethodInvocationAgent.invoke(TestInvoker.java:995)
at org.testng.internal.invokers.TestInvoker.invokeTestMethods(TestInvoker.java:203)
at org.testng.internal.invokers.TestMethodWorker.invokeTestMethods(TestMethodWorker.java:154)
at org.testng.internal.invokers.TestMethodWorker.run(TestMethodWorker.java:134)
at java.base/java.util.ArrayList.forEach(ArrayList.java:1596)
at org.testng.TestRunner.privateRun(TestRunner.java:741)
at org.testng.TestRunner.run(TestRunner.java:616)
at org.testng.SuiteRunner.runTest(SuiteRunner.java:421)
at org.testng.SuiteRunner.runSequentially(SuiteRunner.java:413)
at org.testng.SuiteRunner.privateRun(SuiteRunner.java:373)
at org.testng.SuiteRunner.run(SuiteRunner.java:312)
at org.testng.SuiteRunnerWorker.runSuite(SuiteRunnerWorker.java:52)
at org.testng.SuiteRunnerWorker.run(SuiteRunnerWorker.java:95)
at org.testng.TestNG.runSuitesSequentially(TestNG.java:1274)
at org.testng.TestNG.runSuitesLocally(TestNG.java:1208)
at org.testng.TestNG.runSuites(TestNG.java:1112)
at org.testng.TestNG.run(TestNG.java:1079)
at org.testng.remote.AbstractRemoteTestNG.run(AbstractRemoteTestNG.java:115)
at org.testng.remote.RemoteTestNG.initAndRun(RemoteTestNG.java:293)
at org.testng.remote.RemoteTestNG.main(RemoteTestNG.java:91)
]]>
            </full-stacktrace>
          </exception> <!-- java.lang.AssertionError -->
          <reporter-output>
          </reporter-output>
        </test-method> <!-- AddingRandomItemsToCart -->
        <test-method signature="RemoveAddedItems()[pri:3, instance:Problem_User_Cases.ProblemUserTestCases@56c698e3]" started-at="2026-01-22T15:47:07 EET" name="RemoveAddedItems" finished-at="2026-01-22T15:47:13 EET" duration-ms="6063" status="FAIL">
          <exception class="java.lang.AssertionError">
            <message>
              <![CDATA[expected [false] but found [ No Remove Buttons were found]]]>
            </message>
            <full-stacktrace>
              <![CDATA[java.lang.AssertionError: expected [false] but found [ No Remove Buttons were found]
at org.testng.Assert.fail(Assert.java:111)
at org.testng.Assert.failNotEquals(Assert.java:1590)
at org.testng.Assert.assertEqualsImpl(Assert.java:150)
at org.testng.Assert.assertEquals(Assert.java:132)
at org.testng.Assert.assertEquals(Assert.java:644)
at Problem_User_Cases.ProblemUserTestCases.RemoveAddedItems(ProblemUserTestCases.java:91)
at java.base/jdk.internal.reflect.DirectMethodHandleAccessor.invoke(DirectMethodHandleAccessor.java:103)
at java.base/java.lang.reflect.Method.invoke(Method.java:580)
at org.testng.internal.invokers.MethodInvocationHelper.invokeMethod(MethodInvocationHelper.java:141)
at org.testng.internal.invokers.TestInvoker.invokeMethod(TestInvoker.java:687)
at org.testng.internal.invokers.TestInvoker.invokeTestMethod(TestInvoker.java:230)
at org.testng.internal.invokers.MethodRunner.runInSequence(MethodRunner.java:63)
at org.testng.internal.invokers.TestInvoker$MethodInvocationAgent.invoke(TestInvoker.java:995)
at org.testng.internal.invokers.TestInvoker.invokeTestMethods(TestInvoker.java:203)
at org.testng.internal.invokers.TestMethodWorker.invokeTestMethods(TestMethodWorker.java:154)
at org.testng.internal.invokers.TestMethodWorker.run(TestMethodWorker.java:134)
at java.base/java.util.ArrayList.forEach(ArrayList.java:1596)
at org.testng.TestRunner.privateRun(TestRunner.java:741)
at org.testng.TestRunner.run(TestRunner.java:616)
at org.testng.SuiteRunner.runTest(SuiteRunner.java:421)
at org.testng.SuiteRunner.runSequentially(SuiteRunner.java:413)
at org.testng.SuiteRunner.privateRun(SuiteRunner.java:373)
at org.testng.SuiteRunner.run(SuiteRunner.java:312)
at org.testng.SuiteRunnerWorker.runSuite(SuiteRunnerWorker.java:52)
at org.testng.SuiteRunnerWorker.run(SuiteRunnerWorker.java:95)
at org.testng.TestNG.runSuitesSequentially(TestNG.java:1274)
at org.testng.TestNG.runSuitesLocally(TestNG.java:1208)
at org.testng.TestNG.runSuites(TestNG.java:1112)
at org.testng.TestNG.run(TestNG.java:1079)
at org.testng.remote.AbstractRemoteTestNG.run(AbstractRemoteTestNG.java:115)
at org.testng.remote.RemoteTestNG.initAndRun(RemoteTestNG.java:293)
at org.testng.remote.RemoteTestNG.main(RemoteTestNG.java:91)
]]>
            </full-stacktrace>
          </exception> <!-- java.lang.AssertionError -->
          <reporter-output>
          </reporter-output>
        </test-method> <!-- RemoveAddedItems -->
        <test-method is-config="true" signature="AfterTest()[pri:0, instance:Problem_User_Cases.ProblemUserTestCases@56c698e3]" started-at="2026-01-22T15:47:13 EET" name="AfterTest" finished-at="2026-01-22T15:47:16 EET" duration-ms="3162" status="PASS">
          <reporter-output>
          </reporter-output>
        </test-method> <!-- AfterTest -->
      </class> <!-- Problem_User_Cases.ProblemUserTestCases -->
    </test> <!-- Test -->
  </suite> <!-- Suite -->
</testng-results>
