<?xml version="1.0" encoding="UTF-8"?>
<!-- Generated by org.testng.reporters.JUnitReportReporter -->
<testsuite hostname="DESKTOP-T7M76G4" failures="0" tests="4" name="automationExercise.AuthenticationTestCases" time="12.342" errors="0" timestamp="2025-11-21T17:12:35 EET" skipped="0">
  <testcase classname="automationExercise.AuthenticationTestCases" name="SignUp" time="5.432"/>
  <testcase classname="automationExercise.AuthenticationTestCases" name="LogOut" time="3.914"/>
  <testcase classname="automationExercise.AuthenticationTestCases" name="LogIn" time="2.245"/>
  <testcase classname="automationExercise.AuthenticationTestCases" name="DeleteAccount" time="0.751"/>
</testsuite> <!-- automationExercise.AuthenticationTestCases -->
