<?xml version="1.0" encoding="UTF-8"?>
<!-- Generated by org.testng.reporters.JUnitReportReporter -->
<testsuite hostname="DESKTOP-T7M76G4" failures="0" tests="10" name="Standard_User_Cases.StandardUserTestCases" time="29.367" errors="0" timestamp="2026-01-22T15:47:20 EET" skipped="1">
  <testcase classname="Standard_User_Cases.StandardUserTestCases" name="LogIn" time="0.196"/>
  <testcase classname="Standard_User_Cases.StandardUserTestCases" name="FilteringItems" time="0.154"/>
  <testcase classname="Standard_User_Cases.StandardUserTestCases" name="ViewItemDescription" time="9.177"/>
  <testcase classname="Standard_User_Cases.StandardUserTestCases" name="AddingRandomItemsToCart" time="5.129"/>
  <testcase classname="Standard_User_Cases.StandardUserTestCases" name="AddingRandomItemsToCart" time="5.165"/>
  <testcase classname="Standard_User_Cases.StandardUserTestCases" name="AddingRandomItemsToCart" time="5.167"/>
  <testcase classname="Standard_User_Cases.StandardUserTestCases" name="RemoveAddedItems" time="3.132"/>
  <testcase classname="Standard_User_Cases.StandardUserTestCases" name="HappyCheckOutProcess" time="0.659"/>
  <testcase classname="Standard_User_Cases.StandardUserTestCases" name="LogOut" time="0.588"/>
  <testcase classname="Standard_User_Cases.StandardUserTestCases" name="SadCheckOutProcess">
    <skipped/>
  </testcase> <!-- SadCheckOutProcess -->
</testsuite> <!-- Standard_User_Cases.StandardUserTestCases -->
