<?xml version="1.0" encoding="UTF-8"?>
<!-- Generated by org.testng.reporters.JUnitReportReporter -->
<testsuite hostname="DESKTOP-T7M76G4" failures="0" tests="8" name="SauceDemoFinal.SauceDemoTestCases" time="0.293" errors="0" timestamp="2026-01-15T19:13:59 EET" skipped="6">
  <testcase classname="SauceDemoFinal.SauceDemoTestCases" name="LogIn" time="0.187"/>
  <testcase classname="SauceDemoFinal.SauceDemoTestCases" name="FilteringItems" time="0.106"/>
  <testcase classname="SauceDemoFinal.SauceDemoTestCases" name="LogOut">
    <skipped/>
  </testcase> <!-- LogOut -->
  <testcase classname="SauceDemoFinal.SauceDemoTestCases" name="SadCheckOutProcess">
    <skipped/>
  </testcase> <!-- SadCheckOutProcess -->
  <testcase classname="SauceDemoFinal.SauceDemoTestCases" name="AddingRandomItemsToCart">
    <skipped/>
  </testcase> <!-- AddingRandomItemsToCart -->
  <testcase classname="SauceDemoFinal.SauceDemoTestCases" name="RemoveAddedItems">
    <skipped/>
  </testcase> <!-- RemoveAddedItems -->
  <testcase classname="SauceDemoFinal.SauceDemoTestCases" name="HappyCheckOutProcess">
    <skipped/>
  </testcase> <!-- HappyCheckOutProcess -->
  <testcase classname="SauceDemoFinal.SauceDemoTestCases" name="ViewItemDescription">
    <skipped/>
  </testcase> <!-- ViewItemDescription -->
</testsuite> <!-- SauceDemoFinal.SauceDemoTestCases -->
